<?xml version="1.0" encoding="UTF-8"?>
<!-- Generated by org.testng.reporters.JUnitXMLReporter -->
<testsuite ignored="7" hostname="JAYESH" failures="1" tests="1" name="Default test" time="9.864" errors="0" timestamp="2023-07-05T15:28:23 EDT">
  <testcase classname="com.naveenautomationlabs.AutomationFramework.Tests.YourStoreTest" name="validateUnitPrice" time="3.345">
    <failure type="java.lang.NullPointerException" message="Cannot invoke &amp;quot;org.openqa.selenium.WebElement.getText()&amp;quot; because &amp;quot;element&amp;quot; is null">
      <![CDATA[java.lang.NullPointerException: Cannot invoke "org.openqa.selenium.WebElement.getText()" because "element" is null
at com.naveenautomationlabs.AutomationFramework.Tests.YourStoreTest.validateUnitPrice(YourStoreTest.java:201)
at java.base/jdk.internal.reflect.NativeMethodAccessorImpl.invoke0(Native Method)
at java.base/jdk.internal.reflect.NativeMethodAccessorImpl.invoke(NativeMethodAccessorImpl.java:77)
at java.base/jdk.internal.reflect.DelegatingMethodAccessorImpl.invoke(DelegatingMethodAccessorImpl.java:43)
at java.base/java.lang.reflect.Method.invoke(Method.java:568)
at org.testng.internal.MethodInvocationHelper.invokeMethod(MethodInvocationHelper.java:132)
at org.testng.internal.TestInvoker.invokeMethod(TestInvoker.java:599)
at org.testng.internal.TestInvoker.invokeTestMethod(TestInvoker.java:174)
at org.testng.internal.MethodRunner.runInSequence(MethodRunner.java:46)
at org.testng.internal.TestInvoker$MethodInvocationAgent.invoke(TestInvoker.java:822)
at org.testng.internal.TestInvoker.invokeTestMethods(TestInvoker.java:147)
at org.testng.internal.TestMethodWorker.invokeTestMethods(TestMethodWorker.java:146)
at org.testng.internal.TestMethodWorker.run(TestMethodWorker.java:128)
at java.base/java.util.ArrayList.forEach(ArrayList.java:1511)
at org.testng.TestRunner.privateRun(TestRunner.java:764)
at org.testng.TestRunner.run(TestRunner.java:585)
at org.testng.SuiteRunner.runTest(SuiteRunner.java:384)
at org.testng.SuiteRunner.runSequentially(SuiteRunner.java:378)
at org.testng.SuiteRunner.privateRun(SuiteRunner.java:337)
at org.testng.SuiteRunner.run(SuiteRunner.java:286)
at org.testng.SuiteRunnerWorker.runSuite(SuiteRunnerWorker.java:53)
at org.testng.SuiteRunnerWorker.run(SuiteRunnerWorker.java:96)
at org.testng.TestNG.runSuitesSequentially(TestNG.java:1218)
at org.testng.TestNG.runSuitesLocally(TestNG.java:1140)
at org.testng.TestNG.runSuites(TestNG.java:1069)
at org.testng.TestNG.run(TestNG.java:1037)
at org.testng.remote.AbstractRemoteTestNG.run(AbstractRemoteTestNG.java:115)
at org.testng.remote.RemoteTestNG.initAndRun(RemoteTestNG.java:251)
at org.testng.remote.RemoteTestNG.main(RemoteTestNG.java:77)
]]>
    </failure>
  </testcase> <!-- validateUnitPrice -->
  <testcase classname="com.naveenautomationlabs.AutomationFramework.Tests.YourStoreTest" name="validateRegistrationSuccess" time="0.0">
    <ignored/>
  </testcase> <!-- validateRegistrationSuccess -->
  <testcase classname="com.naveenautomationlabs.AutomationFramework.Tests.YourStoreTest" name="validateNavigationInRegistrationPage" time="0.0">
    <ignored/>
  </testcase> <!-- validateNavigationInRegistrationPage -->
  <testcase classname="com.naveenautomationlabs.AutomationFramework.Tests.YourStoreTest" name="validateLoginUsingValidCredentials" time="0.0">
    <ignored/>
  </testcase> <!-- validateLoginUsingValidCredentials -->
  <testcase classname="com.naveenautomationlabs.AutomationFramework.Tests.YourStoreTest" name="validateLogin" time="0.0">
    <ignored/>
  </testcase> <!-- validateLogin -->
  <testcase classname="com.naveenautomationlabs.AutomationFramework.Tests.YourStoreTest" name="validateIPhoneAddedToCartSuccessfully" time="0.0">
    <ignored/>
  </testcase> <!-- validateIPhoneAddedToCartSuccessfully -->
  <testcase classname="com.naveenautomationlabs.AutomationFramework.Tests.YourStoreTest" name="validateIfCorrectProductIsClicked" time="0.0">
    <ignored/>
  </testcase> <!-- validateIfCorrectProductIsClicked -->
  <testcase classname="com.naveenautomationlabs.AutomationFramework.Tests.YourStoreTest" name="validateWishListCount" time="0.0">
    <ignored/>
  </testcase> <!-- validateWishListCount -->
</testsuite> <!-- Default test -->
